[GIN-debug] [WARNING] Running in "debug" mode. Switch to "release" mode in production.
 - using env:	export GIN_MODE=release
 - using code:	gin.SetMode(gin.ReleaseMode)

[36mINFO[0m[2025-09-17T17:36:39+08:00] Using filesystem for static files (development mode): ../frontend/dist 
[GIN-debug] GET    /assets/*filepath         --> github.com/gin-gonic/gin.(*RouterGroup).createStaticHandler.func1 (3 handlers)
[GIN-debug] HEAD   /assets/*filepath         --> github.com/gin-gonic/gin.(*RouterGroup).createStaticHandler.func1 (3 handlers)
[GIN-debug] GET    /vite.svg                 --> gitlab-merge-alert-go/internal/web.SetupStaticFiles.(*RouterGroup).StaticFile.func2 (3 handlers)
[GIN-debug] HEAD   /vite.svg                 --> gitlab-merge-alert-go/internal/web.SetupStaticFiles.(*RouterGroup).StaticFile.func2 (3 handlers)
[36mINFO[0m[2025-09-17T17:36:39+08:00] Admin account already exists                 
[GIN-debug] POST   /api/v1/auth/login        --> gitlab-merge-alert-go/internal/handlers.(*Handler).Login-fm (3 handlers)
[GIN-debug] POST   /api/v1/auth/logout       --> gitlab-merge-alert-go/internal/handlers.(*Handler).Logout-fm (3 handlers)
[GIN-debug] POST   /api/v1/auth/refresh      --> gitlab-merge-alert-go/internal/handlers.(*Handler).RefreshToken-fm (3 handlers)
[GIN-debug] POST   /api/v1/webhook/gitlab    --> gitlab-merge-alert-go/internal/handlers.(*Handler).HandleGitLabWebhook-fm (3 handlers)
[GIN-debug] GET    /api/v1/auth/profile      --> gitlab-merge-alert-go/internal/handlers.(*Handler).GetProfile-fm (4 handlers)
[GIN-debug] PUT    /api/v1/auth/profile      --> gitlab-merge-alert-go/internal/handlers.(*Handler).UpdateProfile-fm (4 handlers)
[GIN-debug] POST   /api/v1/auth/avatar       --> gitlab-merge-alert-go/internal/handlers.(*Handler).UploadAvatar-fm (4 handlers)
[GIN-debug] POST   /api/v1/auth/change-password --> gitlab-merge-alert-go/internal/handlers.(*Handler).ChangePassword-fm (4 handlers)
[GIN-debug] GET    /api/v1/accounts          --> gitlab-merge-alert-go/internal/handlers.(*Handler).GetAccounts-fm (5 handlers)
[GIN-debug] POST   /api/v1/accounts          --> gitlab-merge-alert-go/internal/handlers.(*Handler).CreateAccount-fm (5 handlers)
[GIN-debug] PUT    /api/v1/accounts/:id      --> gitlab-merge-alert-go/internal/handlers.(*Handler).UpdateAccount-fm (5 handlers)
[GIN-debug] DELETE /api/v1/accounts/:id      --> gitlab-merge-alert-go/internal/handlers.(*Handler).DeleteAccount-fm (5 handlers)
[GIN-debug] PUT    /api/v1/accounts/:id/password --> gitlab-merge-alert-go/internal/handlers.(*Handler).ResetPassword-fm (5 handlers)
[GIN-debug] GET    /api/v1/users             --> gitlab-merge-alert-go/internal/handlers.(*Handler).GetUsers-fm (4 handlers)
[GIN-debug] POST   /api/v1/users             --> gitlab-merge-alert-go/internal/handlers.(*Handler).CreateUser-fm (4 handlers)
[GIN-debug] PUT    /api/v1/users/:id         --> gitlab-merge-alert-go/internal/handlers.(*Handler).UpdateUser-fm (4 handlers)
[GIN-debug] DELETE /api/v1/users/:id         --> gitlab-merge-alert-go/internal/handlers.(*Handler).DeleteUser-fm (5 handlers)
[GIN-debug] GET    /api/v1/projects          --> gitlab-merge-alert-go/internal/handlers.(*Handler).GetProjects-fm (4 handlers)
[GIN-debug] POST   /api/v1/projects          --> gitlab-merge-alert-go/internal/handlers.(*Handler).CreateProject-fm (4 handlers)
[GIN-debug] PUT    /api/v1/projects/:id      --> gitlab-merge-alert-go/internal/handlers.(*Handler).UpdateProject-fm (4 handlers)
[GIN-debug] DELETE /api/v1/projects/:id      --> gitlab-merge-alert-go/internal/handlers.(*Handler).DeleteProject-fm (5 handlers)
[GIN-debug] POST   /api/v1/projects/parse-url --> gitlab-merge-alert-go/internal/handlers.(*Handler).ParseProjectURL-fm (6 handlers)
[GIN-debug] POST   /api/v1/projects/scan-group --> gitlab-merge-alert-go/internal/handlers.(*Handler).ScanGroupProjects-fm (6 handlers)
[GIN-debug] POST   /api/v1/projects/batch-create --> gitlab-merge-alert-go/internal/handlers.(*Handler).BatchCreateProjects-fm (6 handlers)
[GIN-debug] POST   /api/v1/projects/:id/sync-gitlab-webhook --> gitlab-merge-alert-go/internal/handlers.(*Handler).SyncGitLabWebhook-fm (6 handlers)
[GIN-debug] DELETE /api/v1/projects/:id/sync-gitlab-webhook --> gitlab-merge-alert-go/internal/handlers.(*Handler).DeleteGitLabWebhook-fm (7 handlers)
[GIN-debug] GET    /api/v1/projects/:id/gitlab-webhook-status --> gitlab-merge-alert-go/internal/handlers.(*Handler).GetGitLabWebhookStatus-fm (8 handlers)
[GIN-debug] POST   /api/v1/gitlab/test-connection --> gitlab-merge-alert-go/internal/handlers.(*Handler).TestGitLabConnection-fm (4 handlers)
[GIN-debug] GET    /api/v1/gitlab/config     --> gitlab-merge-alert-go/internal/handlers.(*Handler).GetGitLabConfig-fm (4 handlers)
[GIN-debug] POST   /api/v1/gitlab/test-token --> gitlab-merge-alert-go/internal/handlers.(*Handler).TestGitLabToken-fm (4 handlers)
[GIN-debug] GET    /api/v1/webhooks          --> gitlab-merge-alert-go/internal/handlers.(*Handler).GetWebhooks-fm (4 handlers)
[GIN-debug] POST   /api/v1/webhooks          --> gitlab-merge-alert-go/internal/handlers.(*Handler).CreateWebhook-fm (4 handlers)
[GIN-debug] PUT    /api/v1/webhooks/:id      --> gitlab-merge-alert-go/internal/handlers.(*Handler).UpdateWebhook-fm (4 handlers)
[GIN-debug] DELETE /api/v1/webhooks/:id      --> gitlab-merge-alert-go/internal/handlers.(*Handler).DeleteWebhook-fm (5 handlers)
[GIN-debug] POST   /api/v1/project-webhooks  --> gitlab-merge-alert-go/internal/handlers.(*Handler).LinkProjectWebhook-fm (4 handlers)
[GIN-debug] DELETE /api/v1/project-webhooks/:project_id/:webhook_id --> gitlab-merge-alert-go/internal/handlers.(*Handler).UnlinkProjectWebhook-fm (4 handlers)
[GIN-debug] POST   /api/v1/resource-managers/assign --> gitlab-merge-alert-go/internal/handlers.(*Handler).AssignManager-fm (5 handlers)
[GIN-debug] POST   /api/v1/resource-managers/remove --> gitlab-merge-alert-go/internal/handlers.(*Handler).RemoveManager-fm (5 handlers)
[GIN-debug] GET    /api/v1/resource-managers --> gitlab-merge-alert-go/internal/handlers.(*Handler).GetResourceManagers-fm (5 handlers)
[GIN-debug] GET    /api/v1/resource-managers/managed/:id --> gitlab-merge-alert-go/internal/handlers.(*Handler).GetManagedResources-fm (5 handlers)
[GIN-debug] POST   /api/v1/resource-managers/batch-assign/:id --> gitlab-merge-alert-go/internal/handlers.(*Handler).BatchAssignResources-fm (5 handlers)
[GIN-debug] GET    /api/v1/stats             --> gitlab-merge-alert-go/internal/handlers.(*Handler).GetStats-fm (4 handlers)
[GIN-debug] GET    /api/v1/notifications     --> gitlab-merge-alert-go/internal/handlers.(*Handler).GetNotifications-fm (4 handlers)
[GIN-debug] GET    /api/v1/stats/projects/daily --> gitlab-merge-alert-go/internal/handlers.(*Handler).GetProjectDailyStats-fm (4 handlers)
[GIN-debug] GET    /api/v1/stats/webhooks/daily --> gitlab-merge-alert-go/internal/handlers.(*Handler).GetWebhookDailyStats-fm (4 handlers)
[GIN-debug] GET    /                         --> main.main.func1 (3 handlers)
[36mINFO[0m[2025-09-17T17:36:39+08:00] Starting server on 0.0.0.0:1688              
[GIN-debug] [WARNING] You trusted all proxies, this is NOT safe. We recommend you to set a value.
Please check https://pkg.go.dev/github.com/gin-gonic/gin#readme-don-t-trust-all-proxies for details.
[GIN-debug] Listening and serving HTTP on 0.0.0.0:1688
[GIN-debug] [ERROR] listen tcp 0.0.0.0:1688: bind: address already in use
2025/09/17 17:36:39 Failed to start server: listen tcp 0.0.0.0:1688: bind: address already in use
exit status 1
